<?xml version="1.0" ?>
<!DOCTYPE coverage
  SYSTEM 'http://cobertura.sourceforge.net/xml/coverage-03.dtd'>
<coverage branch-rate="0" line-rate="0.8333" timestamp="1417694594221" version="3.7.1">
	<!-- Generated by coverage.py: http://nedbatchelder.com/code/coverage -->
	<packages>
		<package branch-rate="0" complexity="0" line-rate="0" name="">
			<classes>
				<class branch-rate="0" complexity="0" filename="__init__.py" line-rate="0" name="BankRepo">
					<methods/>
					<lines/>
				</class>
				<class branch-rate="0" complexity="0" filename="bank/__init__.py" line-rate="0" name="bank">
					<methods/>
					<lines/>
				</class>
			</classes>
		</package>
		<package branch-rate="0" complexity="0" line-rate="0" name="BankRepo">
			<classes>
				<class branch-rate="0" complexity="0" filename="PROJECT/__init__.py" line-rate="0" name="BankRepo.PROJECT">
					<methods/>
					<lines/>
				</class>
				<class branch-rate="0" complexity="0" filename="bank/__init__.py" line-rate="0" name="BankRepo.bank">
					<methods/>
					<lines/>
				</class>
				<class branch-rate="0" complexity="0" filename="templates/__init__.py" line-rate="0" name="BankRepo.templates">
					<methods/>
					<lines/>
				</class>
			</classes>
		</package>
		<package branch-rate="0" complexity="0" line-rate="0" name="BankRepo.PROJECT">
			<classes>
				<class branch-rate="0" complexity="0" filename="PROJECT/bank/__init__.py" line-rate="0" name="BankRepo.PROJECT.bank">
					<methods/>
					<lines/>
				</class>
			</classes>
		</package>
		<package branch-rate="0" complexity="0" line-rate="0.8333" name="bank">
			<classes>
				<class branch-rate="0" complexity="0" filename="bank/account.py" line-rate="1" name="bank.account">
					<methods/>
					<lines>
						<line hits="1" number="1"/>
						<line hits="1" number="2"/>
						<line hits="1" number="3"/>
						<line hits="1" number="4"/>
						<line hits="1" number="6"/>
						<line hits="1" number="7"/>
						<line hits="1" number="8"/>
					</lines>
				</class>
				<class branch-rate="0" complexity="0" filename="bank/bank.py" line-rate="0.7647" name="bank.bank">
					<methods/>
					<lines>
						<line hits="1" number="1"/>
						<line hits="1" number="3"/>
						<line hits="1" number="4"/>
						<line hits="1" number="5"/>
						<line hits="1" number="7"/>
						<line hits="1" number="8"/>
						<line hits="1" number="10"/>
						<line hits="1" number="11"/>
						<line hits="1" number="13"/>
						<line hits="1" number="14"/>
						<line hits="1" number="15"/>
						<line hits="1" number="16"/>
						<line hits="1" number="17"/>
						<line hits="0" number="18"/>
						<line hits="0" number="19"/>
						<line hits="0" number="21"/>
						<line hits="0" number="23"/>
					</lines>
				</class>
			</classes>
		</package>
	</packages>
</coverage>
